19:01:29,931 urllib3.connectionpool DEBUG Starting new HTTP connection (1): fahrplan.oebb.at:80
19:01:30,4 urllib3.connectionpool DEBUG http://fahrplan.oebb.at:80 "GET /bin/ajax-getstop.exe/dn?REQ0JourneyStopsS0A=1&REQ0JourneyStopsB=12&S=Linz/Donau%20Hauptbahnhof?&js=false& HTTP/1.1" 200 787
19:01:30,102 urllib3.connectionpool DEBUG Starting new HTTPS connection (1): fahrplan.oebb.at:443
19:01:30,678 urllib3.connectionpool DEBUG https://fahrplan.oebb.at:443 "POST /bin/stboard.exe/dn?ld=3 HTTP/1.1" 200 13203
19:01:30,776 urllib3.connectionpool DEBUG Starting new HTTP connection (1): fahrplan.oebb.at:80
19:01:45,419 urllib3.connectionpool DEBUG http://fahrplan.oebb.at:80 "GET /bin/stboard.exe/dn?L=vs_scotty.vs_liveticker&evaId=8100013&boardType=arr&time=00:00&additionalTime=0&maxJourneys=100000&outputMode=tickerDataOnly&start=yes&selectDate=period&dateBegin=07.10.2019dateEnd=07.10.2019&productsFilter=1011111111011 HTTP/1.1" 200 None
19:01:45,527 urllib3.connectionpool DEBUG Starting new HTTP connection (1): fahrplan.oebb.at:80
19:01:48,541 root ERROR get_all_station_ids_from_station {'value': 'Linz/Donau Hbf', 'id': 'A=1@O=Linz/Donau Hbf@X=14291815@Y=48290151@U=181@L=008100013@B=1@p=1578394578@', 'extId': '008100013', 'type': '1', 'typeStr': '[Bhf/Hst]', 'xcoord': '14291815', 'ycoord': '48290151', 'state': 'id', 'prodClass': '4157', 'weight': '22886'}
19:01:48,542 root DEBUG finished ['Linz/Donau Hauptbahnhof', '', '', '', '', '', '', '', '', '', '']
19:01:48,544 urllib3.connectionpool DEBUG Starting new HTTP connection (1): fahrplan.oebb.at:80
19:01:48,633 urllib3.connectionpool DEBUG http://fahrplan.oebb.at:80 "GET /bin/ajax-getstop.exe/dn?REQ0JourneyStopsS0A=1&REQ0JourneyStopsB=12&S=Eisenstadt%20Tierschutzhaus?&js=false& HTTP/1.1" 200 769
19:01:48,639 urllib3.connectionpool DEBUG Starting new HTTPS connection (1): fahrplan.oebb.at:443
19:01:48,835 urllib3.connectionpool DEBUG https://fahrplan.oebb.at:443 "POST /bin/stboard.exe/dn?ld=3 HTTP/1.1" 200 13046
19:01:48,859 urllib3.connectionpool DEBUG Starting new HTTP connection (1): fahrplan.oebb.at:80
19:01:49,122 urllib3.connectionpool DEBUG http://fahrplan.oebb.at:80 "GET /bin/stboard.exe/dn?L=vs_scotty.vs_liveticker&evaId=191005&boardType=arr&time=00:00&additionalTime=0&maxJourneys=100000&outputMode=tickerDataOnly&start=yes&selectDate=period&dateBegin=07.10.2019dateEnd=07.10.2019&productsFilter=1011111111011 HTTP/1.1" 200 1222
19:01:49,125 urllib3.connectionpool DEBUG Starting new HTTP connection (1): fahrplan.oebb.at:80
19:01:49,398 root ERROR get_all_routes_of_transport_and_station Bus 1833 {'value': 'Eisenstadt Tierschutzhaus', 'id': 'A=1@O=Eisenstadt Tierschutzhaus@X=16538660@Y=47800445@U=181@L=000191005@B=1@p=1578394578@', 'extId': '000191005', 'type': '1', 'typeStr': '[Bhf/Hst]', 'xcoord': '16538660', 'ycoord': '47800445', 'state': 'id', 'prodClass': '64', 'weight': '344'}
19:01:49,400 root DEBUG finished ['Eisenstadt Tierschutzhaus', '410593100', '16538794', '47801290', 'rbus', '81', '64', '16.538794', '47.80129', '10101', 'Eisenstadt', '1']
19:01:49,404 urllib3.connectionpool DEBUG Starting new HTTP connection (1): fahrplan.oebb.at:80
19:01:49,480 urllib3.connectionpool DEBUG http://fahrplan.oebb.at:80 "GET /bin/ajax-getstop.exe/dn?REQ0JourneyStopsS0A=1&REQ0JourneyStopsB=12&S=Eisenstadt%20Siegendorfer%20Str.?&js=false& HTTP/1.1" 200 731
19:01:49,487 urllib3.connectionpool DEBUG Starting new HTTPS connection (1): fahrplan.oebb.at:443
19:01:49,675 urllib3.connectionpool DEBUG https://fahrplan.oebb.at:443 "POST /bin/stboard.exe/dn?ld=3 HTTP/1.1" 200 13072
19:01:49,696 urllib3.connectionpool DEBUG Starting new HTTP connection (1): fahrplan.oebb.at:80
19:01:49,875 urllib3.connectionpool DEBUG http://fahrplan.oebb.at:80 "GET /bin/stboard.exe/dn?L=vs_scotty.vs_liveticker&evaId=191014&boardType=arr&time=00:00&additionalTime=0&maxJourneys=100000&outputMode=tickerDataOnly&start=yes&selectDate=period&dateBegin=07.10.2019dateEnd=07.10.2019&productsFilter=1011111111011 HTTP/1.1" 200 1223
19:01:49,879 urllib3.connectionpool DEBUG Starting new HTTP connection (1): fahrplan.oebb.at:80
19:01:50,8 urllib3.connectionpool DEBUG http://fahrplan.oebb.at:80 "POST /bin/trainsearch.exe/dn?ld=2 HTTP/1.1" 200 11571
19:01:50,19 urllib3.connectionpool DEBUG Starting new HTTP connection (1): fahrplan.oebb.at:80
19:01:50,159 urllib3.connectionpool DEBUG http://fahrplan.oebb.at:80 "POST /bin/trainsearch.exe/dn?ld=2 HTTP/1.1" 200 11605
19:01:50,166 urllib3.connectionpool DEBUG Starting new HTTP connection (1): fahrplan.oebb.at:80
19:01:50,448 urllib3.connectionpool DEBUG http://fahrplan.oebb.at:80 "POST /bin/trainsearch.exe/dn?ld=2 HTTP/1.1" 200 10882
19:01:50,574 root DEBUG finished ['Eisenstadt Siegendorfer Str.', '410476900', '16533023', '47812015', 'rbus', '81', '64', '16.533023', '47.812015', '10101', 'Eisenstadt', '1']
19:01:50,576 urllib3.connectionpool DEBUG Starting new HTTP connection (1): fahrplan.oebb.at:80
19:01:50,649 urllib3.connectionpool DEBUG http://fahrplan.oebb.at:80 "GET /bin/ajax-getstop.exe/dn?REQ0JourneyStopsS0A=1&REQ0JourneyStopsB=12&S=Eisenstadt%20Viktor-Kaplan-Str.?&js=false& HTTP/1.1" 200 756
19:01:50,656 urllib3.connectionpool DEBUG Starting new HTTPS connection (1): fahrplan.oebb.at:443
19:01:50,860 urllib3.connectionpool DEBUG https://fahrplan.oebb.at:443 "POST /bin/stboard.exe/dn?ld=3 HTTP/1.1" 200 13072
19:01:50,880 urllib3.connectionpool DEBUG Starting new HTTP connection (1): fahrplan.oebb.at:80
19:01:51,102 urllib3.connectionpool DEBUG http://fahrplan.oebb.at:80 "GET /bin/stboard.exe/dn?L=vs_scotty.vs_liveticker&evaId=191001&boardType=arr&time=00:00&additionalTime=0&maxJourneys=100000&outputMode=tickerDataOnly&start=yes&selectDate=period&dateBegin=07.10.2019dateEnd=07.10.2019&productsFilter=1011111111011 HTTP/1.1" 200 1842
19:01:51,107 urllib3.connectionpool DEBUG Starting new HTTP connection (1): fahrplan.oebb.at:80
19:01:51,233 urllib3.connectionpool DEBUG http://fahrplan.oebb.at:80 "POST /bin/trainsearch.exe/dn?ld=2 HTTP/1.1" 200 11574
19:01:51,241 urllib3.connectionpool DEBUG Starting new HTTP connection (1): fahrplan.oebb.at:80
19:01:51,398 root ERROR get_all_routes_of_transport_and_station Bus 285 {'value': 'Eisenstadt Viktor-Kaplan-Straße', 'id': 'A=1@O=Eisenstadt Viktor-Kaplan-Straße@X=16531909@Y=47827134@U=181@L=000191001@B=1@p=1578394578@', 'extId': '000191001', 'type': '1', 'typeStr': '[Bhf/Hst]', 'xcoord': '16531909', 'ycoord': '47827134', 'state': 'id', 'prodClass': '64', 'weight': '344'}
19:01:51,400 root DEBUG finished ['Eisenstadt Viktor-Kaplan-Str.', '410598600', '16531918', '47827170', 'rbus', '81', '64', '16.531918', '47.82717', '10101', 'Eisenstadt', '1']
19:01:51,405 urllib3.connectionpool DEBUG Starting new HTTP connection (1): fahrplan.oebb.at:80
19:01:51,498 urllib3.connectionpool DEBUG http://fahrplan.oebb.at:80 "GET /bin/ajax-getstop.exe/dn?REQ0JourneyStopsS0A=1&REQ0JourneyStopsB=12&S=Eisenstadt%20Gebietskrankenkasse/SVB?&js=false& HTTP/1.1" 200 739
19:01:51,507 urllib3.connectionpool DEBUG Starting new HTTPS connection (1): fahrplan.oebb.at:443
19:01:51,650 root ERROR get_all_station_ids_from_station {'value': 'Eisenstadt Gebietskrankenkasse/SVB', 'id': 'A=1@O=Eisenstadt Gebietskrankenkasse/SVB@X=16527594@Y=47828321@U=181@L=000191054@B=1@p=1578394578@', 'extId': '000191054', 'type': '1', 'typeStr': '[Bhf/Hst]', 'xcoord': '16527594', 'ycoord': '47828321', 'state': 'id', 'prodClass': '64', 'weight': '344'}
19:01:51,652 root DEBUG finished ['Eisenstadt Gebietskrankenkasse/SVB', '410618500', '16527046', '47828285', 'rbus', '81', '64', '16.527046', '47.828285', '10101', 'Eisenstadt', '1']
19:01:51,655 urllib3.connectionpool DEBUG Starting new HTTP connection (1): fahrplan.oebb.at:80
19:01:51,724 urllib3.connectionpool DEBUG http://fahrplan.oebb.at:80 "GET /bin/ajax-getstop.exe/dn?REQ0JourneyStopsS0A=1&REQ0JourneyStopsB=12&S=Eisenstadt%20Merkur-Markt?&js=false& HTTP/1.1" 200 744
19:01:51,734 urllib3.connectionpool DEBUG Starting new HTTPS connection (1): fahrplan.oebb.at:443
19:01:51,932 urllib3.connectionpool DEBUG https://fahrplan.oebb.at:443 "POST /bin/stboard.exe/dn?ld=3 HTTP/1.1" 200 13046
19:01:51,955 urllib3.connectionpool DEBUG Starting new HTTP connection (1): fahrplan.oebb.at:80
19:01:52,225 urllib3.connectionpool DEBUG http://fahrplan.oebb.at:80 "GET /bin/stboard.exe/dn?L=vs_scotty.vs_liveticker&evaId=191008&boardType=arr&time=00:00&additionalTime=0&maxJourneys=100000&outputMode=tickerDataOnly&start=yes&selectDate=period&dateBegin=07.10.2019dateEnd=07.10.2019&productsFilter=1011111111011 HTTP/1.1" 200 2793
19:01:52,230 urllib3.connectionpool DEBUG Starting new HTTP connection (1): fahrplan.oebb.at:80
19:01:52,852 urllib3.connectionpool DEBUG http://fahrplan.oebb.at:80 "POST /bin/trainsearch.exe/dn?ld=2 HTTP/1.1" 200 11061
19:01:52,857 urllib3.connectionpool DEBUG Starting new HTTP connection (1): fahrplan.oebb.at:80
19:01:52,995 urllib3.connectionpool DEBUG http://fahrplan.oebb.at:80 "POST /bin/trainsearch.exe/dn?ld=2 HTTP/1.1" 200 11068
19:01:53,18 urllib3.connectionpool DEBUG Starting new HTTP connection (1): fahrplan.oebb.at:80
19:01:53,250 urllib3.connectionpool DEBUG http://fahrplan.oebb.at:80 "POST /bin/trainsearch.exe/dn?ld=2 HTTP/1.1" 200 11326
19:01:53,398 urllib3.connectionpool DEBUG Starting new HTTP connection (1): fahrplan.oebb.at:80
19:01:53,526 urllib3.connectionpool DEBUG http://fahrplan.oebb.at:80 "POST /bin/trainsearch.exe/dn?ld=2 HTTP/1.1" 200 11275
19:01:53,538 urllib3.connectionpool DEBUG Starting new HTTP connection (1): fahrplan.oebb.at:80
19:01:53,666 urllib3.connectionpool DEBUG http://fahrplan.oebb.at:80 "POST /bin/trainsearch.exe/dn?ld=2 HTTP/1.1" 200 11446
19:01:53,673 urllib3.connectionpool DEBUG Starting new HTTP connection (1): fahrplan.oebb.at:80
19:01:53,794 urllib3.connectionpool DEBUG http://fahrplan.oebb.at:80 "POST /bin/trainsearch.exe/dn?ld=2 HTTP/1.1" 200 10990
19:01:53,803 urllib3.connectionpool DEBUG Starting new HTTP connection (1): fahrplan.oebb.at:80
19:01:53,951 urllib3.connectionpool DEBUG http://fahrplan.oebb.at:80 "POST /bin/trainsearch.exe/dn?ld=2 HTTP/1.1" 200 11214
19:01:53,958 urllib3.connectionpool DEBUG Starting new HTTP connection (1): fahrplan.oebb.at:80
19:01:54,123 urllib3.connectionpool DEBUG http://fahrplan.oebb.at:80 "POST /bin/trainsearch.exe/dn?ld=2 HTTP/1.1" 200 13413
19:01:54,153 urllib3.connectionpool DEBUG Starting new HTTP connection (1): fahrplan.oebb.at:80
19:01:54,268 urllib3.connectionpool DEBUG http://fahrplan.oebb.at:80 "POST /bin/trainsearch.exe/dn?ld=2 HTTP/1.1" 200 11206
19:01:54,279 urllib3.connectionpool DEBUG Starting new HTTP connection (1): fahrplan.oebb.at:80
19:01:54,405 urllib3.connectionpool DEBUG http://fahrplan.oebb.at:80 "POST /bin/trainsearch.exe/dn?ld=2 HTTP/1.1" 200 11410
19:01:54,413 urllib3.connectionpool DEBUG Starting new HTTP connection (1): fahrplan.oebb.at:80
19:01:54,526 urllib3.connectionpool DEBUG http://fahrplan.oebb.at:80 "POST /bin/trainsearch.exe/dn?ld=2 HTTP/1.1" 200 11114
19:01:54,535 urllib3.connectionpool DEBUG Starting new HTTP connection (1): fahrplan.oebb.at:80
19:01:54,657 urllib3.connectionpool DEBUG http://fahrplan.oebb.at:80 "POST /bin/trainsearch.exe/dn?ld=2 HTTP/1.1" 200 11223
19:01:55,188 root DEBUG finished ['Eisenstadt Merkur-Markt', '410598900', '16522048', '47828438', 'rbus', '81', '64', '16.522048', '47.828438', '10101', 'Eisenstadt', '1']
19:01:55,190 urllib3.connectionpool DEBUG Starting new HTTP connection (1): fahrplan.oebb.at:80
19:01:55,262 urllib3.connectionpool DEBUG http://fahrplan.oebb.at:80 "GET /bin/ajax-getstop.exe/dn?REQ0JourneyStopsS0A=1&REQ0JourneyStopsB=12&S=Eisenstadt%20Mitterjochweg?&js=false& HTTP/1.1" 200 722
19:01:55,268 urllib3.connectionpool DEBUG Starting new HTTPS connection (1): fahrplan.oebb.at:443
19:01:55,575 urllib3.connectionpool DEBUG https://fahrplan.oebb.at:443 "POST /bin/stboard.exe/dn?ld=3 HTTP/1.1" 200 13099
19:01:55,605 urllib3.connectionpool DEBUG Starting new HTTP connection (1): fahrplan.oebb.at:80
19:01:55,747 urllib3.connectionpool DEBUG http://fahrplan.oebb.at:80 "GET /bin/stboard.exe/dn?L=vs_scotty.vs_liveticker&evaId=191018&boardType=arr&time=00:00&additionalTime=0&maxJourneys=100000&outputMode=tickerDataOnly&start=yes&selectDate=period&dateBegin=07.10.2019dateEnd=07.10.2019&productsFilter=1011111111011 HTTP/1.1" 200 756
19:01:55,754 urllib3.connectionpool DEBUG Starting new HTTP connection (1): fahrplan.oebb.at:80
19:01:55,892 urllib3.connectionpool DEBUG http://fahrplan.oebb.at:80 "GET /bin/stboard.exe/dn?L=vs_scotty.vs_liveticker&evaId=191042&boardType=arr&time=00:00&additionalTime=0&maxJourneys=100000&outputMode=tickerDataOnly&start=yes&selectDate=period&dateBegin=07.10.2019dateEnd=07.10.2019&productsFilter=1011111111011 HTTP/1.1" 200 754
19:01:55,901 urllib3.connectionpool DEBUG Starting new HTTP connection (1): fahrplan.oebb.at:80
19:01:56,36 urllib3.connectionpool DEBUG http://fahrplan.oebb.at:80 "POST /bin/trainsearch.exe/dn?ld=2 HTTP/1.1" 200 11211
19:01:56,42 urllib3.connectionpool DEBUG Starting new HTTP connection (1): fahrplan.oebb.at:80
19:01:56,183 urllib3.connectionpool DEBUG http://fahrplan.oebb.at:80 "POST /bin/trainsearch.exe/dn?ld=2 HTTP/1.1" 200 11851
19:01:56,192 urllib3.connectionpool DEBUG Starting new HTTP connection (1): fahrplan.oebb.at:80
19:01:56,313 urllib3.connectionpool DEBUG http://fahrplan.oebb.at:80 "POST /bin/trainsearch.exe/dn?ld=2 HTTP/1.1" 200 10849
19:01:56,532 root DEBUG finished ['Eisenstadt Mitterjochweg', '410607600', '16522119', '47831467', 'rbus', '81', '64', '16.522119', '47.831467', '10101', 'Eisenstadt', '1']
19:01:56,535 urllib3.connectionpool DEBUG Starting new HTTP connection (1): fahrplan.oebb.at:80
19:01:56,612 urllib3.connectionpool DEBUG http://fahrplan.oebb.at:80 "GET /bin/ajax-getstop.exe/dn?REQ0JourneyStopsS0A=1&REQ0JourneyStopsB=12&S=Eisenstadt%20Eisbachstra%C3%9Fe?&js=false& HTTP/1.1" 200 718
19:01:56,620 urllib3.connectionpool DEBUG Starting new HTTPS connection (1): fahrplan.oebb.at:443
19:01:56,806 urllib3.connectionpool DEBUG https://fahrplan.oebb.at:443 "POST /bin/stboard.exe/dn?ld=3 HTTP/1.1" 200 13064
19:01:56,826 urllib3.connectionpool DEBUG Starting new HTTP connection (1): fahrplan.oebb.at:80
19:01:57,62 urllib3.connectionpool DEBUG http://fahrplan.oebb.at:80 "GET /bin/stboard.exe/dn?L=vs_scotty.vs_liveticker&evaId=191006&boardType=arr&time=00:00&additionalTime=0&maxJourneys=100000&outputMode=tickerDataOnly&start=yes&selectDate=period&dateBegin=07.10.2019dateEnd=07.10.2019&productsFilter=1011111111011 HTTP/1.1" 200 2149
19:01:57,68 urllib3.connectionpool DEBUG Starting new HTTP connection (1): fahrplan.oebb.at:80
19:01:57,246 urllib3.connectionpool DEBUG http://fahrplan.oebb.at:80 "POST /bin/trainsearch.exe/dn?ld=2 HTTP/1.1" 200 11562
19:01:57,256 urllib3.connectionpool DEBUG Starting new HTTP connection (1): fahrplan.oebb.at:80
19:01:57,383 urllib3.connectionpool DEBUG http://fahrplan.oebb.at:80 "POST /bin/trainsearch.exe/dn?ld=2 HTTP/1.1" 200 11466
19:01:57,389 urllib3.connectionpool DEBUG Starting new HTTP connection (1): fahrplan.oebb.at:80
19:01:57,522 urllib3.connectionpool DEBUG http://fahrplan.oebb.at:80 "POST /bin/trainsearch.exe/dn?ld=2 HTTP/1.1" 200 11185
19:01:57,538 urllib3.connectionpool DEBUG Starting new HTTP connection (1): fahrplan.oebb.at:80
19:01:57,651 urllib3.connectionpool DEBUG http://fahrplan.oebb.at:80 "POST /bin/trainsearch.exe/dn?ld=2 HTTP/1.1" 200 10971
19:01:57,656 urllib3.connectionpool DEBUG Starting new HTTP connection (1): fahrplan.oebb.at:80
19:01:57,803 urllib3.connectionpool DEBUG http://fahrplan.oebb.at:80 "POST /bin/trainsearch.exe/dn?ld=2 HTTP/1.1" 200 11402
19:01:57,809 urllib3.connectionpool DEBUG Starting new HTTP connection (1): fahrplan.oebb.at:80
19:01:57,959 urllib3.connectionpool DEBUG http://fahrplan.oebb.at:80 "POST /bin/trainsearch.exe/dn?ld=2 HTTP/1.1" 200 12821
19:01:57,966 urllib3.connectionpool DEBUG Starting new HTTP connection (1): fahrplan.oebb.at:80
19:01:58,94 urllib3.connectionpool DEBUG http://fahrplan.oebb.at:80 "POST /bin/trainsearch.exe/dn?ld=2 HTTP/1.1" 200 10955
19:01:58,98 urllib3.connectionpool DEBUG Starting new HTTP connection (1): fahrplan.oebb.at:80
19:01:58,503 urllib3.connectionpool DEBUG http://fahrplan.oebb.at:80 "POST /bin/trainsearch.exe/dn?ld=2 HTTP/1.1" 200 10873
19:01:58,818 root DEBUG finished ['Eisenstadt Eisbachstraße', '410336700', '16530668', '47831710', 'rbus', '81', '64', '16.530668', '47.83171', '10101', 'Eisenstadt', '1']
19:01:58,820 urllib3.connectionpool DEBUG Starting new HTTP connection (1): fahrplan.oebb.at:80
19:01:58,885 urllib3.connectionpool DEBUG http://fahrplan.oebb.at:80 "GET /bin/ajax-getstop.exe/dn?REQ0JourneyStopsS0A=1&REQ0JourneyStopsB=12&S=Eisenstadt%20Br%C3%BCndlfeldweg%2075?&js=false& HTTP/1.1" 200 721
19:01:58,891 urllib3.connectionpool DEBUG Starting new HTTPS connection (1): fahrplan.oebb.at:443
19:02:00,102 urllib3.connectionpool DEBUG https://fahrplan.oebb.at:443 "POST /bin/stboard.exe/dn?ld=3 HTTP/1.1" 200 13075
19:02:00,135 urllib3.connectionpool DEBUG Starting new HTTP connection (1): fahrplan.oebb.at:80
19:02:00,252 urllib3.connectionpool DEBUG http://fahrplan.oebb.at:80 "GET /bin/stboard.exe/dn?L=vs_scotty.vs_liveticker&evaId=191038&boardType=arr&time=00:00&additionalTime=0&maxJourneys=100000&outputMode=tickerDataOnly&start=yes&selectDate=period&dateBegin=07.10.2019dateEnd=07.10.2019&productsFilter=1011111111011 HTTP/1.1" 200 808
19:02:00,257 urllib3.connectionpool DEBUG Starting new HTTP connection (1): fahrplan.oebb.at:80
19:02:00,393 urllib3.connectionpool DEBUG http://fahrplan.oebb.at:80 "POST /bin/trainsearch.exe/dn?ld=2 HTTP/1.1" 200 11233
19:02:00,409 urllib3.connectionpool DEBUG Starting new HTTP connection (1): fahrplan.oebb.at:80
19:02:00,551 urllib3.connectionpool DEBUG http://fahrplan.oebb.at:80 "POST /bin/trainsearch.exe/dn?ld=2 HTTP/1.1" 200 11884
19:02:00,556 urllib3.connectionpool DEBUG Starting new HTTP connection (1): fahrplan.oebb.at:80
19:02:00,674 urllib3.connectionpool DEBUG http://fahrplan.oebb.at:80 "POST /bin/trainsearch.exe/dn?ld=2 HTTP/1.1" 200 10890
19:02:00,684 urllib3.connectionpool DEBUG Starting new HTTP connection (1): fahrplan.oebb.at:80
19:02:00,815 urllib3.connectionpool DEBUG http://fahrplan.oebb.at:80 "POST /bin/trainsearch.exe/dn?ld=2 HTTP/1.1" 200 10870
19:02:00,917 root DEBUG finished ['Eisenstadt Bründlfeldweg 75', '410335700', '16522191', '47833957', 'rbus', '81', '64', '16.522191', '47.833957', '10101', 'Eisenstadt', '1']
19:02:00,919 urllib3.connectionpool DEBUG Starting new HTTP connection (1): fahrplan.oebb.at:80
19:02:00,982 urllib3.connectionpool DEBUG http://fahrplan.oebb.at:80 "GET /bin/ajax-getstop.exe/dn?REQ0JourneyStopsS0A=1&REQ0JourneyStopsB=12&S=Eisenstadt%20Einkaufszentrum%20EZE?&js=false& HTTP/1.1" 200 760
19:02:00,988 urllib3.connectionpool DEBUG Starting new HTTPS connection (1): fahrplan.oebb.at:443
19:02:01,181 urllib3.connectionpool DEBUG https://fahrplan.oebb.at:443 "POST /bin/stboard.exe/dn?ld=3 HTTP/1.1" 200 13055
19:02:01,200 urllib3.connectionpool DEBUG Starting new HTTP connection (1): fahrplan.oebb.at:80
19:02:07,952 urllib3.connectionpool DEBUG http://fahrplan.oebb.at:80 "GET /bin/stboard.exe/dn?L=vs_scotty.vs_liveticker&evaId=191036&boardType=arr&time=00:00&additionalTime=0&maxJourneys=100000&outputMode=tickerDataOnly&start=yes&selectDate=period&dateBegin=07.10.2019dateEnd=07.10.2019&productsFilter=1011111111011 HTTP/1.1" 200 2072
19:02:07,958 urllib3.connectionpool DEBUG Starting new HTTP connection (1): fahrplan.oebb.at:80
19:02:08,83 urllib3.connectionpool DEBUG http://fahrplan.oebb.at:80 "POST /bin/trainsearch.exe/dn?ld=2 HTTP/1.1" 200 11568
19:02:08,91 urllib3.connectionpool DEBUG Starting new HTTP connection (1): fahrplan.oebb.at:80
19:02:08,222 urllib3.connectionpool DEBUG http://fahrplan.oebb.at:80 "POST /bin/trainsearch.exe/dn?ld=2 HTTP/1.1" 200 11474
19:02:08,231 urllib3.connectionpool DEBUG Starting new HTTP connection (1): fahrplan.oebb.at:80
19:02:08,363 urllib3.connectionpool DEBUG http://fahrplan.oebb.at:80 "POST /bin/trainsearch.exe/dn?ld=2 HTTP/1.1" 200 11187
19:02:08,372 urllib3.connectionpool DEBUG Starting new HTTP connection (1): fahrplan.oebb.at:80
19:02:08,528 urllib3.connectionpool DEBUG http://fahrplan.oebb.at:80 "POST /bin/trainsearch.exe/dn?ld=2 HTTP/1.1" 200 11411
19:02:08,537 urllib3.connectionpool DEBUG Starting new HTTP connection (1): fahrplan.oebb.at:80
19:02:08,683 urllib3.connectionpool DEBUG http://fahrplan.oebb.at:80 "POST /bin/trainsearch.exe/dn?ld=2 HTTP/1.1" 200 12850
19:02:08,709 urllib3.connectionpool DEBUG Starting new HTTP connection (1): fahrplan.oebb.at:80
19:02:08,832 urllib3.connectionpool DEBUG http://fahrplan.oebb.at:80 "POST /bin/trainsearch.exe/dn?ld=2 HTTP/1.1" 200 10959
19:02:08,838 urllib3.connectionpool DEBUG Starting new HTTP connection (1): fahrplan.oebb.at:80
19:02:08,963 urllib3.connectionpool DEBUG http://fahrplan.oebb.at:80 "POST /bin/trainsearch.exe/dn?ld=2 HTTP/1.1" 200 10875
19:02:09,188 root DEBUG finished ['Eisenstadt Einkaufszentrum EZE', '410340000', '16529347', '47835198', 'rbus', '81', '64', '16.529347', '47.835198', '10101', 'Eisenstadt', '1']
19:02:09,190 urllib3.connectionpool DEBUG Starting new HTTP connection (1): fahrplan.oebb.at:80
19:02:09,263 urllib3.connectionpool DEBUG http://fahrplan.oebb.at:80 "GET /bin/ajax-getstop.exe/dn?REQ0JourneyStopsS0A=1&REQ0JourneyStopsB=12&S=Eisenstadt%20Hotterweg?&js=false& HTTP/1.1" 200 721
19:02:09,273 urllib3.connectionpool DEBUG Starting new HTTPS connection (1): fahrplan.oebb.at:443
19:02:15,428 urllib3.connectionpool DEBUG https://fahrplan.oebb.at:443 "POST /bin/stboard.exe/dn?ld=3 HTTP/1.1" 200 13043
19:02:15,460 urllib3.connectionpool DEBUG Starting new HTTP connection (1): fahrplan.oebb.at:80
19:02:15,523 urllib3.connectionpool DEBUG http://fahrplan.oebb.at:80 "GET /bin/stboard.exe/dn?L=vs_scotty.vs_liveticker&evaId=191017&boardType=arr&time=00:00&additionalTime=0&maxJourneys=100000&outputMode=tickerDataOnly&start=yes&selectDate=period&dateBegin=07.10.2019dateEnd=07.10.2019&productsFilter=1011111111011 HTTP/1.1" 200 386
19:02:15,529 urllib3.connectionpool DEBUG Starting new HTTP connection (1): fahrplan.oebb.at:80
19:02:18,194 urllib3.connectionpool DEBUG http://fahrplan.oebb.at:80 "POST /bin/trainsearch.exe/dn?ld=2 HTTP/1.1" 200 10872
19:02:18,201 urllib3.connectionpool DEBUG Starting new HTTP connection (1): fahrplan.oebb.at:80
19:02:18,320 urllib3.connectionpool DEBUG http://fahrplan.oebb.at:80 "POST /bin/trainsearch.exe/dn?ld=2 HTTP/1.1" 200 10852
19:02:18,335 root DEBUG finished ['Eisenstadt Hotterweg', '410336600', '16522982', '47836276', 'rbus', '81', '64', '16.522982', '47.836276', '10101', 'Eisenstadt', '1']
19:02:18,338 urllib3.connectionpool DEBUG Starting new HTTP connection (1): fahrplan.oebb.at:80
19:02:18,715 urllib3.connectionpool DEBUG http://fahrplan.oebb.at:80 "GET /bin/ajax-getstop.exe/dn?REQ0JourneyStopsS0A=1&REQ0JourneyStopsB=12&S=Eisenstadt%20Mattersburger%20Str.?&js=false& HTTP/1.1" 200 752
19:02:18,722 urllib3.connectionpool DEBUG Starting new HTTPS connection (1): fahrplan.oebb.at:443
19:02:18,905 urllib3.connectionpool DEBUG https://fahrplan.oebb.at:443 "POST /bin/stboard.exe/dn?ld=3 HTTP/1.1" 200 13074
19:02:18,928 urllib3.connectionpool DEBUG Starting new HTTP connection (1): fahrplan.oebb.at:80
19:02:19,932 urllib3.connectionpool DEBUG http://fahrplan.oebb.at:80 "GET /bin/stboard.exe/dn?L=vs_scotty.vs_liveticker&evaId=191007&boardType=arr&time=00:00&additionalTime=0&maxJourneys=100000&outputMode=tickerDataOnly&start=yes&selectDate=period&dateBegin=07.10.2019dateEnd=07.10.2019&productsFilter=1011111111011 HTTP/1.1" 200 2364
19:02:20,157 urllib3.connectionpool DEBUG Starting new HTTP connection (1): fahrplan.oebb.at:80
19:02:21,162 urllib3.connectionpool DEBUG http://fahrplan.oebb.at:80 "POST /bin/trainsearch.exe/dn?ld=2 HTTP/1.1" 200 11071
19:02:21,330 urllib3.connectionpool DEBUG Starting new HTTP connection (1): fahrplan.oebb.at:80
19:02:21,448 urllib3.connectionpool DEBUG http://fahrplan.oebb.at:80 "POST /bin/trainsearch.exe/dn?ld=2 HTTP/1.1" 200 11080
19:02:21,456 urllib3.connectionpool DEBUG Starting new HTTP connection (1): fahrplan.oebb.at:80
19:02:21,577 urllib3.connectionpool DEBUG http://fahrplan.oebb.at:80 "POST /bin/trainsearch.exe/dn?ld=2 HTTP/1.1" 200 11344
19:02:21,586 urllib3.connectionpool DEBUG Starting new HTTP connection (1): fahrplan.oebb.at:80
19:02:21,715 urllib3.connectionpool DEBUG http://fahrplan.oebb.at:80 "POST /bin/trainsearch.exe/dn?ld=2 HTTP/1.1" 200 11312
19:02:21,724 urllib3.connectionpool DEBUG Starting new HTTP connection (1): fahrplan.oebb.at:80
19:02:21,849 urllib3.connectionpool DEBUG http://fahrplan.oebb.at:80 "POST /bin/trainsearch.exe/dn?ld=2 HTTP/1.1" 200 10873
19:02:21,857 urllib3.connectionpool DEBUG Starting new HTTP connection (1): fahrplan.oebb.at:80
19:02:21,988 urllib3.connectionpool DEBUG http://fahrplan.oebb.at:80 "POST /bin/trainsearch.exe/dn?ld=2 HTTP/1.1" 200 11467
19:02:21,997 urllib3.connectionpool DEBUG Starting new HTTP connection (1): fahrplan.oebb.at:80
19:02:22,113 urllib3.connectionpool DEBUG http://fahrplan.oebb.at:80 "POST /bin/trainsearch.exe/dn?ld=2 HTTP/1.1" 200 11005
19:02:22,132 urllib3.connectionpool DEBUG Starting new HTTP connection (1): fahrplan.oebb.at:80
19:02:22,256 urllib3.connectionpool DEBUG http://fahrplan.oebb.at:80 "POST /bin/trainsearch.exe/dn?ld=2 HTTP/1.1" 200 11223
19:02:22,264 urllib3.connectionpool DEBUG Starting new HTTP connection (1): fahrplan.oebb.at:80
19:02:22,390 urllib3.connectionpool DEBUG http://fahrplan.oebb.at:80 "POST /bin/trainsearch.exe/dn?ld=2 HTTP/1.1" 200 11430
19:02:22,398 urllib3.connectionpool DEBUG Starting new HTTP connection (1): fahrplan.oebb.at:80
19:02:22,525 urllib3.connectionpool DEBUG http://fahrplan.oebb.at:80 "POST /bin/trainsearch.exe/dn?ld=2 HTTP/1.1" 200 11127
19:02:22,533 urllib3.connectionpool DEBUG Starting new HTTP connection (1): fahrplan.oebb.at:80
19:02:22,662 urllib3.connectionpool DEBUG http://fahrplan.oebb.at:80 "POST /bin/trainsearch.exe/dn?ld=2 HTTP/1.1" 200 11241
19:08:57,470 urllib3.connectionpool DEBUG Starting new HTTP connection (1): fahrplan.oebb.at:80
19:08:57,734 urllib3.connectionpool DEBUG http://fahrplan.oebb.at:80 "GET /bin/ajax-getstop.exe/dn?REQ0JourneyStopsS0A=1&REQ0JourneyStopsB=12&S=Linz/Donau%20Hauptbahnhof?&js=false& HTTP/1.1" 200 787
19:08:57,763 urllib3.connectionpool DEBUG Starting new HTTPS connection (1): fahrplan.oebb.at:443
19:08:58,190 urllib3.connectionpool DEBUG https://fahrplan.oebb.at:443 "POST /bin/stboard.exe/dn?ld=3 HTTP/1.1" 200 13203
19:08:58,240 urllib3.connectionpool DEBUG Starting new HTTP connection (1): fahrplan.oebb.at:80
19:09:25,101 urllib3.connectionpool DEBUG http://fahrplan.oebb.at:80 "GET /bin/stboard.exe/dn?L=vs_scotty.vs_liveticker&evaId=8100013&boardType=arr&time=00:00&additionalTime=0&maxJourneys=100000&outputMode=tickerDataOnly&start=yes&selectDate=period&dateBegin=07.10.2019dateEnd=07.10.2019&productsFilter=1011111111011 HTTP/1.1" 200 None
19:09:25,182 urllib3.connectionpool DEBUG Starting new HTTP connection (1): fahrplan.oebb.at:80
19:09:39,436 urllib3.connectionpool DEBUG http://fahrplan.oebb.at:80 "GET /bin/stboard.exe/dn?L=vs_scotty.vs_liveticker&evaId=491001&boardType=arr&time=00:00&additionalTime=0&maxJourneys=100000&outputMode=tickerDataOnly&start=yes&selectDate=period&dateBegin=07.10.2019dateEnd=07.10.2019&productsFilter=1011111111011 HTTP/1.1" 200 None
19:09:39,503 urllib3.connectionpool DEBUG Starting new HTTP connection (1): fahrplan.oebb.at:80
19:09:53,772 urllib3.connectionpool DEBUG http://fahrplan.oebb.at:80 "GET /bin/stboard.exe/dn?L=vs_scotty.vs_liveticker&evaId=491101&boardType=arr&time=00:00&additionalTime=0&maxJourneys=100000&outputMode=tickerDataOnly&start=yes&selectDate=period&dateBegin=07.10.2019dateEnd=07.10.2019&productsFilter=1011111111011 HTTP/1.1" 200 None
19:09:53,846 urllib3.connectionpool DEBUG Starting new HTTP connection (1): fahrplan.oebb.at:80
19:10:17,529 urllib3.connectionpool DEBUG http://fahrplan.oebb.at:80 "GET /bin/stboard.exe/dn?L=vs_scotty.vs_liveticker&evaId=491172&boardType=arr&time=00:00&additionalTime=0&maxJourneys=100000&outputMode=tickerDataOnly&start=yes&selectDate=period&dateBegin=07.10.2019dateEnd=07.10.2019&productsFilter=1011111111011 HTTP/1.1" 200 None
19:10:17,625 urllib3.connectionpool DEBUG Starting new HTTP connection (1): fahrplan.oebb.at:80
19:10:32,409 urllib3.connectionpool DEBUG http://fahrplan.oebb.at:80 "GET /bin/stboard.exe/dn?L=vs_scotty.vs_liveticker&evaId=491336&boardType=arr&time=00:00&additionalTime=0&maxJourneys=100000&outputMode=tickerDataOnly&start=yes&selectDate=period&dateBegin=07.10.2019dateEnd=07.10.2019&productsFilter=1011111111011 HTTP/1.1" 200 None
19:10:32,495 urllib3.connectionpool DEBUG Starting new HTTP connection (1): fahrplan.oebb.at:80
19:10:32,787 urllib3.connectionpool DEBUG http://fahrplan.oebb.at:80 "POST /bin/trainsearch.exe/dn?ld=2 HTTP/1.1" 200 10841
19:10:32,795 urllib3.connectionpool DEBUG Starting new HTTP connection (1): fahrplan.oebb.at:80
19:10:33,5 urllib3.connectionpool DEBUG http://fahrplan.oebb.at:80 "POST /bin/trainsearch.exe/dn?ld=2 HTTP/1.1" 200 10843
19:10:33,14 urllib3.connectionpool DEBUG Starting new HTTP connection (1): fahrplan.oebb.at:80
19:10:33,298 urllib3.connectionpool DEBUG http://fahrplan.oebb.at:80 "POST /bin/trainsearch.exe/dn?ld=2 HTTP/1.1" 200 11833
19:10:33,308 urllib3.connectionpool DEBUG Starting new HTTP connection (1): fahrplan.oebb.at:80
19:10:33,541 urllib3.connectionpool DEBUG http://fahrplan.oebb.at:80 "POST /bin/trainsearch.exe/dn?ld=2 HTTP/1.1" 200 10844
19:10:33,550 urllib3.connectionpool DEBUG Starting new HTTP connection (1): fahrplan.oebb.at:80
19:10:33,809 urllib3.connectionpool DEBUG http://fahrplan.oebb.at:80 "POST /bin/trainsearch.exe/dn?ld=2 HTTP/1.1" 200 10837
19:10:33,817 urllib3.connectionpool DEBUG Starting new HTTP connection (1): fahrplan.oebb.at:80
19:10:34,15 urllib3.connectionpool DEBUG http://fahrplan.oebb.at:80 "POST /bin/trainsearch.exe/dn?ld=2 HTTP/1.1" 200 10846
19:10:34,35 urllib3.connectionpool DEBUG Starting new HTTP connection (1): fahrplan.oebb.at:80
19:10:34,220 urllib3.connectionpool DEBUG http://fahrplan.oebb.at:80 "POST /bin/trainsearch.exe/dn?ld=2 HTTP/1.1" 200 11025
19:10:34,242 urllib3.connectionpool DEBUG Starting new HTTP connection (1): fahrplan.oebb.at:80
19:10:34,401 urllib3.connectionpool DEBUG http://fahrplan.oebb.at:80 "POST /bin/trainsearch.exe/dn?ld=2 HTTP/1.1" 200 11432
19:10:34,423 urllib3.connectionpool DEBUG Starting new HTTP connection (1): fahrplan.oebb.at:80
19:10:34,634 urllib3.connectionpool DEBUG http://fahrplan.oebb.at:80 "POST /bin/trainsearch.exe/dn?ld=2 HTTP/1.1" 200 10848
19:10:34,643 urllib3.connectionpool DEBUG Starting new HTTP connection (1): fahrplan.oebb.at:80
19:10:34,835 urllib3.connectionpool DEBUG http://fahrplan.oebb.at:80 "POST /bin/trainsearch.exe/dn?ld=2 HTTP/1.1" 200 10838
19:10:34,842 urllib3.connectionpool DEBUG Starting new HTTP connection (1): fahrplan.oebb.at:80
19:10:35,0 urllib3.connectionpool DEBUG http://fahrplan.oebb.at:80 "POST /bin/trainsearch.exe/dn?ld=2 HTTP/1.1" 200 10842
19:10:35,7 urllib3.connectionpool DEBUG Starting new HTTP connection (1): fahrplan.oebb.at:80
19:10:35,244 urllib3.connectionpool DEBUG http://fahrplan.oebb.at:80 "POST /bin/trainsearch.exe/dn?ld=2 HTTP/1.1" 200 11506
19:10:35,252 urllib3.connectionpool DEBUG Starting new HTTP connection (1): fahrplan.oebb.at:80
19:10:35,552 urllib3.connectionpool DEBUG http://fahrplan.oebb.at:80 "POST /bin/trainsearch.exe/dn?ld=2 HTTP/1.1" 200 14851
19:10:35,578 urllib3.connectionpool DEBUG Starting new HTTP connection (1): fahrplan.oebb.at:80
19:10:35,734 urllib3.connectionpool DEBUG http://fahrplan.oebb.at:80 "POST /bin/trainsearch.exe/dn?ld=2 HTTP/1.1" 200 10852
19:10:35,802 urllib3.connectionpool DEBUG Starting new HTTP connection (1): fahrplan.oebb.at:80
19:10:35,957 urllib3.connectionpool DEBUG http://fahrplan.oebb.at:80 "POST /bin/trainsearch.exe/dn?ld=2 HTTP/1.1" 200 10854
19:10:36,528 urllib3.connectionpool DEBUG Starting new HTTP connection (1): fahrplan.oebb.at:80
19:10:40,672 urllib3.connectionpool DEBUG http://fahrplan.oebb.at:80 "POST /bin/trainsearch.exe/dn?ld=2 HTTP/1.1" 200 10699
19:10:40,681 urllib3.connectionpool DEBUG Starting new HTTP connection (1): fahrplan.oebb.at:80
19:10:40,984 urllib3.connectionpool DEBUG http://fahrplan.oebb.at:80 "POST /bin/trainsearch.exe/dn?ld=2 HTTP/1.1" 200 10849
19:10:40,991 urllib3.connectionpool DEBUG Starting new HTTP connection (1): fahrplan.oebb.at:80
19:10:41,491 urllib3.connectionpool DEBUG http://fahrplan.oebb.at:80 "POST /bin/trainsearch.exe/dn?ld=2 HTTP/1.1" 200 10843
19:10:41,641 urllib3.connectionpool DEBUG Starting new HTTP connection (1): fahrplan.oebb.at:80
19:10:41,800 urllib3.connectionpool DEBUG http://fahrplan.oebb.at:80 "POST /bin/trainsearch.exe/dn?ld=2 HTTP/1.1" 200 10843
19:10:41,823 urllib3.connectionpool DEBUG Starting new HTTP connection (1): fahrplan.oebb.at:80
19:10:41,979 urllib3.connectionpool DEBUG http://fahrplan.oebb.at:80 "POST /bin/trainsearch.exe/dn?ld=2 HTTP/1.1" 200 10849
19:10:41,999 urllib3.connectionpool DEBUG Starting new HTTP connection (1): fahrplan.oebb.at:80
19:10:42,328 urllib3.connectionpool DEBUG http://fahrplan.oebb.at:80 "POST /bin/trainsearch.exe/dn?ld=2 HTTP/1.1" 200 10834
19:10:42,351 urllib3.connectionpool DEBUG Starting new HTTP connection (1): fahrplan.oebb.at:80
19:10:42,821 urllib3.connectionpool DEBUG http://fahrplan.oebb.at:80 "POST /bin/trainsearch.exe/dn?ld=2 HTTP/1.1" 200 10854
19:10:42,982 urllib3.connectionpool DEBUG Starting new HTTP connection (1): fahrplan.oebb.at:80
19:10:44,170 urllib3.connectionpool DEBUG http://fahrplan.oebb.at:80 "POST /bin/trainsearch.exe/dn?ld=2 HTTP/1.1" 200 10850
19:10:44,179 urllib3.connectionpool DEBUG Starting new HTTP connection (1): fahrplan.oebb.at:80
19:10:44,452 urllib3.connectionpool DEBUG http://fahrplan.oebb.at:80 "POST /bin/trainsearch.exe/dn?ld=2 HTTP/1.1" 200 10844
19:10:44,460 urllib3.connectionpool DEBUG Starting new HTTP connection (1): fahrplan.oebb.at:80
19:10:45,74 urllib3.connectionpool DEBUG http://fahrplan.oebb.at:80 "POST /bin/trainsearch.exe/dn?ld=2 HTTP/1.1" 200 10857
19:10:45,221 urllib3.connectionpool DEBUG Starting new HTTP connection (1): fahrplan.oebb.at:80
19:10:45,487 urllib3.connectionpool DEBUG http://fahrplan.oebb.at:80 "POST /bin/trainsearch.exe/dn?ld=2 HTTP/1.1" 200 11127
19:10:46,244 urllib3.connectionpool DEBUG Starting new HTTP connection (1): fahrplan.oebb.at:80
19:10:46,396 urllib3.connectionpool DEBUG http://fahrplan.oebb.at:80 "POST /bin/trainsearch.exe/dn?ld=2 HTTP/1.1" 200 10699
19:10:46,408 urllib3.connectionpool DEBUG Starting new HTTP connection (1): fahrplan.oebb.at:80
19:10:46,559 urllib3.connectionpool DEBUG http://fahrplan.oebb.at:80 "POST /bin/trainsearch.exe/dn?ld=2 HTTP/1.1" 200 11385
19:10:46,569 urllib3.connectionpool DEBUG Starting new HTTP connection (1): fahrplan.oebb.at:80
19:10:46,734 urllib3.connectionpool DEBUG http://fahrplan.oebb.at:80 "POST /bin/trainsearch.exe/dn?ld=2 HTTP/1.1" 200 11706
19:10:46,746 urllib3.connectionpool DEBUG Starting new HTTP connection (1): fahrplan.oebb.at:80
19:10:46,920 urllib3.connectionpool DEBUG http://fahrplan.oebb.at:80 "POST /bin/trainsearch.exe/dn?ld=2 HTTP/1.1" 200 10840
19:10:46,928 urllib3.connectionpool DEBUG Starting new HTTP connection (1): fahrplan.oebb.at:80
19:10:47,88 urllib3.connectionpool DEBUG http://fahrplan.oebb.at:80 "POST /bin/trainsearch.exe/dn?ld=2 HTTP/1.1" 200 11033
19:10:47,97 urllib3.connectionpool DEBUG Starting new HTTP connection (1): fahrplan.oebb.at:80
19:10:47,429 urllib3.connectionpool DEBUG http://fahrplan.oebb.at:80 "POST /bin/trainsearch.exe/dn?ld=2 HTTP/1.1" 200 10854
19:10:47,437 urllib3.connectionpool DEBUG Starting new HTTP connection (1): fahrplan.oebb.at:80
19:10:47,595 urllib3.connectionpool DEBUG http://fahrplan.oebb.at:80 "POST /bin/trainsearch.exe/dn?ld=2 HTTP/1.1" 200 10830
19:10:47,662 urllib3.connectionpool DEBUG Starting new HTTP connection (1): fahrplan.oebb.at:80
19:10:48,146 urllib3.connectionpool DEBUG http://fahrplan.oebb.at:80 "POST /bin/trainsearch.exe/dn?ld=2 HTTP/1.1" 200 10855
19:10:48,296 urllib3.connectionpool DEBUG Starting new HTTP connection (1): fahrplan.oebb.at:80
19:10:48,556 urllib3.connectionpool DEBUG http://fahrplan.oebb.at:80 "POST /bin/trainsearch.exe/dn?ld=2 HTTP/1.1" 200 10844
19:10:48,564 urllib3.connectionpool DEBUG Starting new HTTP connection (1): fahrplan.oebb.at:80
19:10:48,725 urllib3.connectionpool DEBUG http://fahrplan.oebb.at:80 "POST /bin/trainsearch.exe/dn?ld=2 HTTP/1.1" 200 10838
19:10:48,735 urllib3.connectionpool DEBUG Starting new HTTP connection (1): fahrplan.oebb.at:80
19:10:48,899 urllib3.connectionpool DEBUG http://fahrplan.oebb.at:80 "POST /bin/trainsearch.exe/dn?ld=2 HTTP/1.1" 200 10851
19:10:49,425 urllib3.connectionpool DEBUG Starting new HTTP connection (1): fahrplan.oebb.at:80
19:10:49,688 urllib3.connectionpool DEBUG http://fahrplan.oebb.at:80 "POST /bin/trainsearch.exe/dn?ld=2 HTTP/1.1" 200 10849
19:10:49,694 urllib3.connectionpool DEBUG Starting new HTTP connection (1): fahrplan.oebb.at:80
19:10:49,855 urllib3.connectionpool DEBUG http://fahrplan.oebb.at:80 "POST /bin/trainsearch.exe/dn?ld=2 HTTP/1.1" 200 10841
19:10:50,327 urllib3.connectionpool DEBUG Starting new HTTP connection (1): fahrplan.oebb.at:80
19:10:50,608 urllib3.connectionpool DEBUG http://fahrplan.oebb.at:80 "POST /bin/trainsearch.exe/dn?ld=2 HTTP/1.1" 200 10699
19:10:50,618 urllib3.connectionpool DEBUG Starting new HTTP connection (1): fahrplan.oebb.at:80
19:10:50,811 urllib3.connectionpool DEBUG http://fahrplan.oebb.at:80 "POST /bin/trainsearch.exe/dn?ld=2 HTTP/1.1" 200 12088
19:10:50,821 urllib3.connectionpool DEBUG Starting new HTTP connection (1): fahrplan.oebb.at:80
19:10:51,17 urllib3.connectionpool DEBUG http://fahrplan.oebb.at:80 "POST /bin/trainsearch.exe/dn?ld=2 HTTP/1.1" 200 15002
19:10:51,51 urllib3.connectionpool DEBUG Starting new HTTP connection (1): fahrplan.oebb.at:80
19:10:51,319 urllib3.connectionpool DEBUG http://fahrplan.oebb.at:80 "POST /bin/trainsearch.exe/dn?ld=2 HTTP/1.1" 200 11409
19:10:51,327 urllib3.connectionpool DEBUG Starting new HTTP connection (1): fahrplan.oebb.at:80
19:10:51,527 urllib3.connectionpool DEBUG http://fahrplan.oebb.at:80 "POST /bin/trainsearch.exe/dn?ld=2 HTTP/1.1" 200 10841
19:10:51,534 urllib3.connectionpool DEBUG Starting new HTTP connection (1): fahrplan.oebb.at:80
19:10:51,732 urllib3.connectionpool DEBUG http://fahrplan.oebb.at:80 "POST /bin/trainsearch.exe/dn?ld=2 HTTP/1.1" 200 10849
19:10:51,741 urllib3.connectionpool DEBUG Starting new HTTP connection (1): fahrplan.oebb.at:80
19:10:51,935 urllib3.connectionpool DEBUG http://fahrplan.oebb.at:80 "POST /bin/trainsearch.exe/dn?ld=2 HTTP/1.1" 200 11278
19:10:51,957 urllib3.connectionpool DEBUG Starting new HTTP connection (1): fahrplan.oebb.at:80
19:10:52,139 urllib3.connectionpool DEBUG http://fahrplan.oebb.at:80 "POST /bin/trainsearch.exe/dn?ld=2 HTTP/1.1" 200 11257
19:10:52,150 urllib3.connectionpool DEBUG Starting new HTTP connection (1): fahrplan.oebb.at:80
19:10:52,448 urllib3.connectionpool DEBUG http://fahrplan.oebb.at:80 "POST /bin/trainsearch.exe/dn?ld=2 HTTP/1.1" 200 14066
19:10:52,477 urllib3.connectionpool DEBUG Starting new HTTP connection (1): fahrplan.oebb.at:80
19:10:52,643 urllib3.connectionpool DEBUG http://fahrplan.oebb.at:80 "POST /bin/trainsearch.exe/dn?ld=2 HTTP/1.1" 200 10855
19:10:52,652 urllib3.connectionpool DEBUG Starting new HTTP connection (1): fahrplan.oebb.at:80
19:10:52,857 urllib3.connectionpool DEBUG http://fahrplan.oebb.at:80 "POST /bin/trainsearch.exe/dn?ld=2 HTTP/1.1" 200 10969
19:10:52,866 urllib3.connectionpool DEBUG Starting new HTTP connection (1): fahrplan.oebb.at:80
19:10:53,368 urllib3.connectionpool DEBUG http://fahrplan.oebb.at:80 "POST /bin/trainsearch.exe/dn?ld=2 HTTP/1.1" 200 10848
19:10:53,519 urllib3.connectionpool DEBUG Starting new HTTP connection (1): fahrplan.oebb.at:80
19:10:53,648 urllib3.connectionpool DEBUG http://fahrplan.oebb.at:80 "POST /bin/trainsearch.exe/dn?ld=2 HTTP/1.1" 200 11229
19:10:53,660 urllib3.connectionpool DEBUG Starting new HTTP connection (1): fahrplan.oebb.at:80
19:10:53,880 urllib3.connectionpool DEBUG http://fahrplan.oebb.at:80 "POST /bin/trainsearch.exe/dn?ld=2 HTTP/1.1" 200 11267
19:10:54,449 urllib3.connectionpool DEBUG Starting new HTTP connection (1): fahrplan.oebb.at:80
19:10:54,605 urllib3.connectionpool DEBUG http://fahrplan.oebb.at:80 "POST /bin/trainsearch.exe/dn?ld=2 HTTP/1.1" 200 10850
19:10:54,613 urllib3.connectionpool DEBUG Starting new HTTP connection (1): fahrplan.oebb.at:80
19:10:54,806 urllib3.connectionpool DEBUG http://fahrplan.oebb.at:80 "POST /bin/trainsearch.exe/dn?ld=2 HTTP/1.1" 200 10853
19:10:54,816 urllib3.connectionpool DEBUG Starting new HTTP connection (1): fahrplan.oebb.at:80
19:10:55,12 urllib3.connectionpool DEBUG http://fahrplan.oebb.at:80 "POST /bin/trainsearch.exe/dn?ld=2 HTTP/1.1" 200 10853
19:10:55,19 urllib3.connectionpool DEBUG Starting new HTTP connection (1): fahrplan.oebb.at:80
19:10:55,826 urllib3.connectionpool DEBUG http://fahrplan.oebb.at:80 "POST /bin/trainsearch.exe/dn?ld=2 HTTP/1.1" 200 10851
19:10:55,833 urllib3.connectionpool DEBUG Starting new HTTP connection (1): fahrplan.oebb.at:80
19:10:57,464 urllib3.connectionpool DEBUG http://fahrplan.oebb.at:80 "POST /bin/trainsearch.exe/dn?ld=2 HTTP/1.1" 200 11072
19:10:57,473 urllib3.connectionpool DEBUG Starting new HTTP connection (1): fahrplan.oebb.at:80
19:10:57,630 urllib3.connectionpool DEBUG http://fahrplan.oebb.at:80 "POST /bin/trainsearch.exe/dn?ld=2 HTTP/1.1" 200 10835
19:10:57,638 urllib3.connectionpool DEBUG Starting new HTTP connection (1): fahrplan.oebb.at:80
19:10:57,875 urllib3.connectionpool DEBUG http://fahrplan.oebb.at:80 "POST /bin/trainsearch.exe/dn?ld=2 HTTP/1.1" 200 10841
19:10:57,883 urllib3.connectionpool DEBUG Starting new HTTP connection (1): fahrplan.oebb.at:80
19:10:58,81 urllib3.connectionpool DEBUG http://fahrplan.oebb.at:80 "POST /bin/trainsearch.exe/dn?ld=2 HTTP/1.1" 200 10853
19:10:58,89 urllib3.connectionpool DEBUG Starting new HTTP connection (1): fahrplan.oebb.at:80
19:10:58,284 urllib3.connectionpool DEBUG http://fahrplan.oebb.at:80 "POST /bin/trainsearch.exe/dn?ld=2 HTTP/1.1" 200 10845
19:10:58,291 urllib3.connectionpool DEBUG Starting new HTTP connection (1): fahrplan.oebb.at:80
19:10:59,2 urllib3.connectionpool DEBUG http://fahrplan.oebb.at:80 "POST /bin/trainsearch.exe/dn?ld=2 HTTP/1.1" 200 10840
19:10:59,9 urllib3.connectionpool DEBUG Starting new HTTP connection (1): fahrplan.oebb.at:80
19:10:59,478 root ERROR get_all_routes_of_transport_and_station Bus 215 {'value': 'Linz/Donau Hbf', 'id': 'A=1@O=Linz/Donau Hbf@X=14291815@Y=48290151@U=181@L=008100013@B=1@p=1578394578@', 'extId': '008100013', 'type': '1', 'typeStr': '[Bhf/Hst]', 'xcoord': '14291815', 'ycoord': '48290151', 'state': 'id', 'prodClass': '4157', 'weight': '22886'}
19:10:59,557 root DEBUG finished ['Linz/Donau Hauptbahnhof', '', '', '', '', '', '', '', '', '', '']
19:10:59,559 urllib3.connectionpool DEBUG Starting new HTTP connection (1): fahrplan.oebb.at:80
19:10:59,640 urllib3.connectionpool DEBUG http://fahrplan.oebb.at:80 "GET /bin/ajax-getstop.exe/dn?REQ0JourneyStopsS0A=1&REQ0JourneyStopsB=12&S=Eisenstadt%20Tierschutzhaus?&js=false& HTTP/1.1" 200 769
19:10:59,649 urllib3.connectionpool DEBUG Starting new HTTPS connection (1): fahrplan.oebb.at:443
19:10:59,829 urllib3.connectionpool DEBUG https://fahrplan.oebb.at:443 "POST /bin/stboard.exe/dn?ld=3 HTTP/1.1" 200 13046
19:10:59,868 urllib3.connectionpool DEBUG Starting new HTTP connection (1): fahrplan.oebb.at:80
19:11:00,27 urllib3.connectionpool DEBUG http://fahrplan.oebb.at:80 "GET /bin/stboard.exe/dn?L=vs_scotty.vs_liveticker&evaId=191005&boardType=arr&time=00:00&additionalTime=0&maxJourneys=100000&outputMode=tickerDataOnly&start=yes&selectDate=period&dateBegin=07.10.2019dateEnd=07.10.2019&productsFilter=1011111111011 HTTP/1.1" 200 1222
19:11:00,42 urllib3.connectionpool DEBUG Starting new HTTP connection (1): fahrplan.oebb.at:80
19:11:00,374 root ERROR get_all_routes_of_transport_and_station Bus 1833 {'value': 'Eisenstadt Tierschutzhaus', 'id': 'A=1@O=Eisenstadt Tierschutzhaus@X=16538660@Y=47800445@U=181@L=000191005@B=1@p=1578394578@', 'extId': '000191005', 'type': '1', 'typeStr': '[Bhf/Hst]', 'xcoord': '16538660', 'ycoord': '47800445', 'state': 'id', 'prodClass': '64', 'weight': '344'}
19:11:00,376 root DEBUG finished ['Eisenstadt Tierschutzhaus', '410593100', '16538794', '47801290', 'rbus', '81', '64', '16.538794', '47.80129', '10101', 'Eisenstadt', '1']
19:11:00,379 urllib3.connectionpool DEBUG Starting new HTTP connection (1): fahrplan.oebb.at:80
19:11:00,597 root ERROR get_location_suggestion_from_string ['Eisenstadt Siegendorfer Str.', '410476900', '16533023', '47812015', 'rbus', '81', '64', '16.533023', '47.812015', '10101', 'Eisenstadt', '1']
19:11:00,599 root DEBUG finished ['Eisenstadt Siegendorfer Str.', '410476900', '16533023', '47812015', 'rbus', '81', '64', '16.533023', '47.812015', '10101', 'Eisenstadt', '1']
19:11:00,601 urllib3.connectionpool DEBUG Starting new HTTP connection (1): fahrplan.oebb.at:80
19:11:00,894 urllib3.connectionpool DEBUG http://fahrplan.oebb.at:80 "GET /bin/ajax-getstop.exe/dn?REQ0JourneyStopsS0A=1&REQ0JourneyStopsB=12&S=Eisenstadt%20Viktor-Kaplan-Str.?&js=false& HTTP/1.1" 200 756
19:11:00,902 urllib3.connectionpool DEBUG Starting new HTTPS connection (1): fahrplan.oebb.at:443
19:11:01,123 urllib3.connectionpool DEBUG https://fahrplan.oebb.at:443 "POST /bin/stboard.exe/dn?ld=3 HTTP/1.1" 200 13072
19:11:01,144 urllib3.connectionpool DEBUG Starting new HTTP connection (1): fahrplan.oebb.at:80
19:11:01,368 urllib3.connectionpool DEBUG http://fahrplan.oebb.at:80 "GET /bin/stboard.exe/dn?L=vs_scotty.vs_liveticker&evaId=191001&boardType=arr&time=00:00&additionalTime=0&maxJourneys=100000&outputMode=tickerDataOnly&start=yes&selectDate=period&dateBegin=07.10.2019dateEnd=07.10.2019&productsFilter=1011111111011 HTTP/1.1" 200 1842
19:11:01,373 urllib3.connectionpool DEBUG Starting new HTTP connection (1): fahrplan.oebb.at:80
19:11:06,66 urllib3.connectionpool DEBUG http://fahrplan.oebb.at:80 "POST /bin/trainsearch.exe/dn?ld=2 HTTP/1.1" 200 11572
19:11:06,75 urllib3.connectionpool DEBUG Starting new HTTP connection (1): fahrplan.oebb.at:80
19:11:06,581 urllib3.connectionpool DEBUG http://fahrplan.oebb.at:80 "POST /bin/trainsearch.exe/dn?ld=2 HTTP/1.1" 200 11700
19:11:06,587 urllib3.connectionpool DEBUG Starting new HTTP connection (1): fahrplan.oebb.at:80
19:11:06,708 urllib3.connectionpool DEBUG http://fahrplan.oebb.at:80 "POST /bin/trainsearch.exe/dn?ld=2 HTTP/1.1" 200 10966
19:11:06,715 urllib3.connectionpool DEBUG Starting new HTTP connection (1): fahrplan.oebb.at:80
19:11:06,843 urllib3.connectionpool DEBUG http://fahrplan.oebb.at:80 "POST /bin/trainsearch.exe/dn?ld=2 HTTP/1.1" 200 11382
19:11:06,852 urllib3.connectionpool DEBUG Starting new HTTP connection (1): fahrplan.oebb.at:80
19:11:06,980 urllib3.connectionpool DEBUG http://fahrplan.oebb.at:80 "POST /bin/trainsearch.exe/dn?ld=2 HTTP/1.1" 200 10880
19:11:06,988 urllib3.connectionpool DEBUG Starting new HTTP connection (1): fahrplan.oebb.at:80
19:11:07,118 urllib3.connectionpool DEBUG http://fahrplan.oebb.at:80 "POST /bin/trainsearch.exe/dn?ld=2 HTTP/1.1" 200 10959
19:11:07,132 urllib3.connectionpool DEBUG Starting new HTTP connection (1): fahrplan.oebb.at:80
19:11:08,935 urllib3.connectionpool DEBUG http://fahrplan.oebb.at:80 "GET /bin/traininfo.exe/dn/795198/547465/392280/68926/81 HTTP/1.1" 200 11888
19:11:09,444 urllib3.connectionpool DEBUG Starting new HTTP connection (1): fahrplan.oebb.at:80
19:11:09,541 urllib3.connectionpool DEBUG http://fahrplan.oebb.at:80 "GET /bin/traininfo.exe/dn/915888/587698/503416/53588/81 HTTP/1.1" 200 11833
19:11:10,73 urllib3.connectionpool DEBUG Starting new HTTP connection (1): fahrplan.oebb.at:80
19:11:10,150 urllib3.connectionpool DEBUG http://fahrplan.oebb.at:80 "GET /bin/traininfo.exe/dn/716277/521165/773650/148066/81 HTTP/1.1" 200 11264
19:11:10,532 urllib3.connectionpool DEBUG Starting new HTTP connection (1): fahrplan.oebb.at:80
19:11:13,276 urllib3.connectionpool DEBUG http://fahrplan.oebb.at:80 "GET /bin/traininfo.exe/dn/286425/377883/35684/77633/81 HTTP/1.1" 200 11944
19:11:13,815 urllib3.connectionpool DEBUG Starting new HTTP connection (1): fahrplan.oebb.at:80
19:11:14,364 urllib3.connectionpool DEBUG http://fahrplan.oebb.at:80 "GET /bin/traininfo.exe/dn/927831/591687/408824/104865/81 HTTP/1.1" 200 11877
19:11:15,67 urllib3.connectionpool DEBUG Starting new HTTP connection (1): fahrplan.oebb.at:80
19:11:15,151 urllib3.connectionpool DEBUG http://fahrplan.oebb.at:80 "GET /bin/traininfo.exe/dn/474132/440455/740512/212212/81 HTTP/1.1" 200 11879
19:11:15,688 urllib3.connectionpool DEBUG Starting new HTTP connection (1): fahrplan.oebb.at:80
19:11:16,613 urllib3.connectionpool DEBUG http://fahrplan.oebb.at:80 "GET /bin/traininfo.exe/dn/563484/470239/803704/214025/81 HTTP/1.1" 200 11895
19:11:17,304 urllib3.connectionpool DEBUG Starting new HTTP connection (1): fahrplan.oebb.at:80
19:11:17,391 urllib3.connectionpool DEBUG http://fahrplan.oebb.at:80 "GET /bin/traininfo.exe/dn/547680/464972/366540/710/81 HTTP/1.1" 200 11879
19:11:17,923 urllib3.connectionpool DEBUG Starting new HTTP connection (1): fahrplan.oebb.at:80
19:11:18,18 urllib3.connectionpool DEBUG http://fahrplan.oebb.at:80 "GET /bin/traininfo.exe/dn/154899/334047/179560/38147/81 HTTP/1.1" 200 11934
19:11:18,573 urllib3.connectionpool DEBUG Starting new HTTP connection (1): fahrplan.oebb.at:80
19:11:18,673 urllib3.connectionpool DEBUG http://fahrplan.oebb.at:80 "GET /bin/traininfo.exe/dn/371118/406122/10562/118425/81 HTTP/1.1" 200 11877
19:11:19,220 urllib3.connectionpool DEBUG Starting new HTTP connection (1): fahrplan.oebb.at:80
19:11:19,328 urllib3.connectionpool DEBUG http://fahrplan.oebb.at:80 "GET /bin/traininfo.exe/dn/787668/544978/406312/59400/81 HTTP/1.1" 200 11828
19:11:19,823 urllib3.connectionpool DEBUG Starting new HTTP connection (1): fahrplan.oebb.at:80
19:11:20,405 urllib3.connectionpool DEBUG http://fahrplan.oebb.at:80 "GET /bin/traininfo.exe/dn/874467/573916/932908/174965/81 HTTP/1.1" 200 11836
19:11:20,884 urllib3.connectionpool DEBUG Starting new HTTP connection (1): fahrplan.oebb.at:80
19:11:20,977 urllib3.connectionpool DEBUG http://fahrplan.oebb.at:80 "GET /bin/traininfo.exe/dn/67173/304818/446838/201029/81 HTTP/1.1" 200 11840
19:11:21,441 urllib3.connectionpool DEBUG Starting new HTTP connection (1): fahrplan.oebb.at:80
19:11:21,529 urllib3.connectionpool DEBUG http://fahrplan.oebb.at:80 "GET /bin/traininfo.exe/dn/996069/614452/356714/153666/81 HTTP/1.1" 200 11823
19:11:22,16 urllib3.connectionpool DEBUG Starting new HTTP connection (1): fahrplan.oebb.at:80
19:11:22,655 urllib3.connectionpool DEBUG http://fahrplan.oebb.at:80 "GET /bin/traininfo.exe/dn/110811/319366/32264/20806/81 HTTP/1.1" 200 11819
19:11:23,131 urllib3.connectionpool DEBUG Starting new HTTP connection (1): fahrplan.oebb.at:80
19:11:23,220 urllib3.connectionpool DEBUG http://fahrplan.oebb.at:80 "GET /bin/traininfo.exe/dn/944811/597369/273306/178284/81 HTTP/1.1" 200 11877
19:11:23,769 urllib3.connectionpool DEBUG Starting new HTTP connection (1): fahrplan.oebb.at:80
19:11:23,858 urllib3.connectionpool DEBUG http://fahrplan.oebb.at:80 "GET /bin/traininfo.exe/dn/171081/339462/271614/78780/81 HTTP/1.1" 200 11863
19:11:24,337 urllib3.connectionpool DEBUG Starting new HTTP connection (1): fahrplan.oebb.at:80
19:11:24,428 urllib3.connectionpool DEBUG http://fahrplan.oebb.at:80 "GET /bin/traininfo.exe/dn/697878/515061/927024/230887/81 HTTP/1.1" 200 11862
19:11:24,936 urllib3.connectionpool DEBUG Starting new HTTP connection (1): fahrplan.oebb.at:80
19:11:37,16 urllib3.connectionpool DEBUG http://fahrplan.oebb.at:80 "GET /bin/traininfo.exe/dn/61635/302982/352534/155722/81 HTTP/1.1" 200 11851
19:11:37,504 urllib3.connectionpool DEBUG Starting new HTTP connection (1): fahrplan.oebb.at:80
19:11:37,628 urllib3.connectionpool DEBUG http://fahrplan.oebb.at:80 "GET /bin/traininfo.exe/dn/439095/428804/356982/32126/81 HTTP/1.1" 200 11865
19:11:38,156 urllib3.connectionpool DEBUG Starting new HTTP connection (1): fahrplan.oebb.at:80
19:11:38,240 urllib3.connectionpool DEBUG http://fahrplan.oebb.at:80 "GET /bin/traininfo.exe/dn/137079/328135/972278/440446/81 HTTP/1.1" 200 11888
19:11:38,749 urllib3.connectionpool DEBUG Starting new HTTP connection (1): fahrplan.oebb.at:80
19:11:38,838 urllib3.connectionpool DEBUG http://fahrplan.oebb.at:80 "GET /bin/traininfo.exe/dn/640500/495945/830000/201500/81 HTTP/1.1" 200 11964
19:11:39,383 urllib3.connectionpool DEBUG Starting new HTTP connection (1): fahrplan.oebb.at:80
19:11:39,529 urllib3.connectionpool DEBUG http://fahrplan.oebb.at:80 "GET /bin/traininfo.exe/dn/697881/515073/157334/153960/81 HTTP/1.1" 200 11820
19:11:40,56 urllib3.connectionpool DEBUG Starting new HTTP connection (1): fahrplan.oebb.at:80
19:11:40,140 urllib3.connectionpool DEBUG http://fahrplan.oebb.at:80 "GET /bin/traininfo.exe/dn/795198/544334/392280/68926/81 HTTP/1.1" 200 11458
19:11:40,427 urllib3.connectionpool DEBUG Starting new HTTP connection (1): fahrplan.oebb.at:80
19:11:40,509 urllib3.connectionpool DEBUG http://fahrplan.oebb.at:80 "GET /bin/traininfo.exe/dn/915888/584566/503416/53588/81 HTTP/1.1" 200 11495
19:11:40,803 urllib3.connectionpool DEBUG Starting new HTTP connection (1): fahrplan.oebb.at:80
19:11:40,893 urllib3.connectionpool DEBUG http://fahrplan.oebb.at:80 "GET /bin/traininfo.exe/dn/716277/518029/773650/148067/81 HTTP/1.1" 200 11502
19:11:41,231 urllib3.connectionpool DEBUG Starting new HTTP connection (1): fahrplan.oebb.at:80
19:11:41,386 urllib3.connectionpool DEBUG http://fahrplan.oebb.at:80 "GET /bin/traininfo.exe/dn/286425/374746/35684/77633/81 HTTP/1.1" 200 11495
19:11:41,720 urllib3.connectionpool DEBUG Starting new HTTP connection (1): fahrplan.oebb.at:80
19:11:41,804 urllib3.connectionpool DEBUG http://fahrplan.oebb.at:80 "GET /bin/traininfo.exe/dn/927831/588548/408824/104866/81 HTTP/1.1" 200 11499
19:11:42,131 urllib3.connectionpool DEBUG Starting new HTTP connection (1): fahrplan.oebb.at:80
19:11:42,202 urllib3.connectionpool DEBUG http://fahrplan.oebb.at:80 "GET /bin/traininfo.exe/dn/474132/437316/740512/212212/81 HTTP/1.1" 200 11381
19:11:42,447 urllib3.connectionpool DEBUG Starting new HTTP connection (1): fahrplan.oebb.at:80
19:11:43,238 urllib3.connectionpool DEBUG http://fahrplan.oebb.at:80 "GET /bin/traininfo.exe/dn/563484/467101/803704/214024/81 HTTP/1.1" 200 11469
19:11:43,533 urllib3.connectionpool DEBUG Starting new HTTP connection (1): fahrplan.oebb.at:80
19:11:43,852 urllib3.connectionpool DEBUG http://fahrplan.oebb.at:80 "GET /bin/traininfo.exe/dn/547680/461833/366540/711/81 HTTP/1.1" 200 11460
19:11:44,161 urllib3.connectionpool DEBUG Starting new HTTP connection (1): fahrplan.oebb.at:80
